
blink2.elf:     file format elf32-littleriscv


Disassembly of section .text:

10000000 <start>:
10000000:	21000937          	lui	s2,0x21000
10000004:	00092223          	sw	zero,4(s2) # 21000004 <_etext+0x10ffff90>
10000008:	00092423          	sw	zero,8(s2)
1000000c:	00092623          	sw	zero,12(s2)

10000010 <bigloop>:
10000010:	00100493          	li	s1,1
10000014:	00992023          	sw	s1,0(s2)
10000018:	00000013          	nop
1000001c:	00000013          	nop
10000020:	00000013          	nop
10000024:	03c000ef          	jal	ra,10000060 <delay>
10000028:	00092023          	sw	zero,0(s2)
1000002c:	00000013          	nop
10000030:	00000013          	nop
10000034:	00000013          	nop
10000038:	028000ef          	jal	ra,10000060 <delay>
1000003c:	00100493          	li	s1,1
10000040:	00992023          	sw	s1,0(s2)
10000044:	00000013          	nop
10000048:	00000013          	nop
1000004c:	00000013          	nop
10000050:	010000ef          	jal	ra,10000060 <delay>
10000054:	00092023          	sw	zero,0(s2)
10000058:	fa000ce3          	beqz	zero,10000010 <bigloop>

1000005c <done>:
1000005c:	00000063          	beqz	zero,1000005c <done>

10000060 <delay>:
10000060:	000019b7          	lui	s3,0x1
10000064:	bb898993          	addi	s3,s3,-1096 # bb8 <_edata-0xfff448>

10000068 <dloop>:
10000068:	fff98993          	addi	s3,s3,-1
1000006c:	fe099ee3          	bnez	s3,10000068 <dloop>
10000070:	00008067          	ret
